<?xml version="1.0" encoding="UTF-8"?>
<!-- Generated by org.testng.reporters.JUnitReportReporter -->
<testsuite hostname="PERSONAL" name="foo.AppTest" tests="1" failures="0" timestamp="18 Oct 2014 13:36:27 GMT" time="19.662" errors="0">
  <testcase name="searchTest" time="19.662" classname="foo.AppTest"/>
</testsuite> <!-- foo.AppTest -->
